<?xml version="1.0" encoding="UTF-8"?>
<testsuite xmlns:xsi="http://www.w3.org/2001/XMLSchema-instance" xsi:noNamespaceSchemaLocation="https://maven.apache.org/surefire/maven-surefire-plugin/xsd/surefire-test-report.xsd" name="com.poc.test.automation.runner.TestRunner" time="22.931" tests="3" errors="0" skipped="0" failures="0">
  <properties>
[...]
</properties>
  <testcase name="Validation of End to End Checkout and Order Summary" classname="SwagLabs E2E Checkout Feature" time="9.873"/>
  <testcase name="Validation of Error Message for Invalid User #1" classname="SwagLabs Login Feature" time="4.724"/>
  <testcase name="Validation of Error Message for Invalid User #2" classname="SwagLabs Login Feature" time="5.333"/>
</testsuite>